c:\users\root01\desktop\gametemplate_done\x64\debug\vc143.pdb
c:\users\root01\desktop\gametemplate_done\x64\debug\vc143.idb
c:\users\root01\desktop\gametemplate_done\x64\debug\game.obj
c:\users\root01\desktop\gametemplate_done\x64\debug\engine.obj
c:\users\root01\desktop\gametemplate_done — копия\x64\debug\vc143.pdb
c:\users\root01\desktop\gametemplate_done — копия\x64\debug\vc143.idb
c:\users\root01\desktop\gametemplate_done — копия\x64\debug\engine.obj
c:\users\root01\desktop\gametemplate_done — копия\x64\debug\game.obj
c:\users\root01\desktop\gametemplate_done\x64\debug\gametemplate.exe
c:\users\root01\desktop\gametemplate_done\x64\debug\gametemplate.ilk
c:\users\root01\desktop\gametemplate_done\x64\debug\gametemplate.pdb
c:\users\root01\desktop\gametemplate_done — копия\x64\debug\gametemplate.exe
c:\users\root01\desktop\gametemplate_done — копия\x64\debug\gametemplate.ilk
c:\users\root01\desktop\gametemplate_done — копия\x64\debug\gametemplate.pdb
c:\users\root01\desktop\gametemplate_done — копия\x64\debug\game.obj.enc
c:\users\root01\desktop\gametemplate_done — копия\x64\debug\gametemplate.tlog\cl.command.1.tlog
c:\users\root01\desktop\gametemplate_done — копия\x64\debug\gametemplate.tlog\cl.read.1.tlog
c:\users\root01\desktop\gametemplate_done — копия\x64\debug\gametemplate.tlog\cl.write.1.tlog
c:\users\root01\desktop\gametemplate_done — копия\x64\debug\gametemplate.tlog\link.command.1.tlog
c:\users\root01\desktop\gametemplate_done — копия\x64\debug\gametemplate.tlog\link.read.1.tlog
c:\users\root01\desktop\gametemplate_done — копия\x64\debug\gametemplate.tlog\link.write.1.tlog
